07-May-2026 14:46:44.622 INFO [main] org.apache.catalina.startup.VersionLoggerListener.log Server version name:   Apache Tomcat/9.0.84
07-May-2026 14:46:44.626 INFO [main] org.apache.catalina.startup.VersionLoggerListener.log Server built:          Dec 7 2023 19:27:40 UTC
07-May-2026 14:46:44.626 INFO [main] org.apache.catalina.startup.VersionLoggerListener.log Server version number: 9.0.84.0
07-May-2026 14:46:44.627 INFO [main] org.apache.catalina.startup.VersionLoggerListener.log OS Name:               Windows 10
07-May-2026 14:46:44.627 INFO [main] org.apache.catalina.startup.VersionLoggerListener.log OS Version:            10.0
07-May-2026 14:46:44.627 INFO [main] org.apache.catalina.startup.VersionLoggerListener.log Architecture:          amd64
07-May-2026 14:46:44.628 INFO [main] org.apache.catalina.startup.VersionLoggerListener.log Java Home:             C:\Program Files\Java\jdk-24
07-May-2026 14:46:44.628 INFO [main] org.apache.catalina.startup.VersionLoggerListener.log JVM Version:           24.0.2+12-54
07-May-2026 14:46:44.629 INFO [main] org.apache.catalina.startup.VersionLoggerListener.log JVM Vendor:            Oracle Corporation
07-May-2026 14:46:44.629 INFO [main] org.apache.catalina.startup.VersionLoggerListener.log CATALINA_BASE:         D:\SVAC MAIN 2\SmartGoalSystem\server\apache-tomcat-9.0.84
07-May-2026 14:46:44.629 INFO [main] org.apache.catalina.startup.VersionLoggerListener.log CATALINA_HOME:         D:\SVAC MAIN 2\SmartGoalSystem\server\apache-tomcat-9.0.84
07-May-2026 14:46:44.650 INFO [main] org.apache.catalina.startup.VersionLoggerListener.log Command line argument: --add-opens=java.base/java.lang=ALL-UNNAMED
07-May-2026 14:46:44.650 INFO [main] org.apache.catalina.startup.VersionLoggerListener.log Command line argument: --add-opens=java.base/java.io=ALL-UNNAMED
07-May-2026 14:46:44.651 INFO [main] org.apache.catalina.startup.VersionLoggerListener.log Command line argument: --add-opens=java.base/java.util=ALL-UNNAMED
07-May-2026 14:46:44.651 INFO [main] org.apache.catalina.startup.VersionLoggerListener.log Command line argument: --add-opens=java.base/java.util.concurrent=ALL-UNNAMED
07-May-2026 14:46:44.655 INFO [main] org.apache.catalina.startup.VersionLoggerListener.log Command line argument: --add-opens=java.rmi/sun.rmi.transport=ALL-UNNAMED
07-May-2026 14:46:44.657 INFO [main] org.apache.catalina.startup.VersionLoggerListener.log Command line argument: -Djava.util.logging.config.file=D:\SVAC MAIN 2\SmartGoalSystem\server\apache-tomcat-9.0.84\conf\logging.properties
07-May-2026 14:46:44.658 INFO [main] org.apache.catalina.startup.VersionLoggerListener.log Command line argument: -Djava.util.logging.manager=org.apache.juli.ClassLoaderLogManager
07-May-2026 14:46:44.660 INFO [main] org.apache.catalina.startup.VersionLoggerListener.log Command line argument: -Djdk.tls.ephemeralDHKeySize=2048
07-May-2026 14:46:44.661 INFO [main] org.apache.catalina.startup.VersionLoggerListener.log Command line argument: -Djava.protocol.handler.pkgs=org.apache.catalina.webresources
07-May-2026 14:46:44.663 INFO [main] org.apache.catalina.startup.VersionLoggerListener.log Command line argument: -Dignore.endorsed.dirs=
07-May-2026 14:46:44.663 INFO [main] org.apache.catalina.startup.VersionLoggerListener.log Command line argument: -Dcatalina.base=D:\SVAC MAIN 2\SmartGoalSystem\server\apache-tomcat-9.0.84
07-May-2026 14:46:44.664 INFO [main] org.apache.catalina.startup.VersionLoggerListener.log Command line argument: -Dcatalina.home=d:\SVAC MAIN 2\SmartGoalSystem\server\apache-tomcat-9.0.84
07-May-2026 14:46:44.665 INFO [main] org.apache.catalina.startup.VersionLoggerListener.log Command line argument: -Djava.io.tmpdir=D:\SVAC MAIN 2\SmartGoalSystem\server\apache-tomcat-9.0.84\temp
07-May-2026 14:46:44.728 INFO [main] org.apache.catalina.core.AprLifecycleListener.lifecycleEvent Loaded Apache Tomcat Native library [1.2.39] using APR version [1.7.4].
07-May-2026 14:46:44.729 INFO [main] org.apache.catalina.core.AprLifecycleListener.lifecycleEvent APR capabilities: IPv6 [true], sendfile [true], accept filters [false], random [true], UDS [true].
07-May-2026 14:46:44.730 INFO [main] org.apache.catalina.core.AprLifecycleListener.lifecycleEvent APR/OpenSSL configuration: useAprConnector [false], useOpenSSL [true]
07-May-2026 14:46:44.777 INFO [main] org.apache.catalina.core.AprLifecycleListener.initializeSSL OpenSSL successfully initialized [OpenSSL 3.0.11 19 Sep 2023]
07-May-2026 14:46:45.422 INFO [main] org.apache.coyote.AbstractProtocol.init Initializing ProtocolHandler ["http-nio-8080"]
07-May-2026 14:46:45.468 INFO [main] org.apache.catalina.startup.Catalina.load Server initialization in [1285] milliseconds
07-May-2026 14:46:45.555 INFO [main] org.apache.catalina.core.StandardService.startInternal Starting service [Catalina]
07-May-2026 14:46:45.556 INFO [main] org.apache.catalina.core.StandardEngine.startInternal Starting Servlet engine: [Apache Tomcat/9.0.84]
07-May-2026 14:46:45.572 INFO [main] org.apache.catalina.startup.HostConfig.deployDirectory Deploying web application directory [D:\SVAC MAIN 2\SmartGoalSystem\server\apache-tomcat-9.0.84\webapps\docs]
07-May-2026 14:46:46.092 INFO [main] org.apache.catalina.startup.HostConfig.deployDirectory Deployment of web application directory [D:\SVAC MAIN 2\SmartGoalSystem\server\apache-tomcat-9.0.84\webapps\docs] has finished in [518] ms
07-May-2026 14:46:46.092 INFO [main] org.apache.catalina.startup.HostConfig.deployDirectory Deploying web application directory [D:\SVAC MAIN 2\SmartGoalSystem\server\apache-tomcat-9.0.84\webapps\examples]
07-May-2026 14:46:47.169 INFO [main] org.apache.catalina.startup.HostConfig.deployDirectory Deployment of web application directory [D:\SVAC MAIN 2\SmartGoalSystem\server\apache-tomcat-9.0.84\webapps\examples] has finished in [1,077] ms
07-May-2026 14:46:47.170 INFO [main] org.apache.catalina.startup.HostConfig.deployDirectory Deploying web application directory [D:\SVAC MAIN 2\SmartGoalSystem\server\apache-tomcat-9.0.84\webapps\host-manager]
07-May-2026 14:46:47.236 INFO [main] org.apache.catalina.startup.HostConfig.deployDirectory Deployment of web application directory [D:\SVAC MAIN 2\SmartGoalSystem\server\apache-tomcat-9.0.84\webapps\host-manager] has finished in [66] ms
07-May-2026 14:46:47.237 INFO [main] org.apache.catalina.startup.HostConfig.deployDirectory Deploying web application directory [D:\SVAC MAIN 2\SmartGoalSystem\server\apache-tomcat-9.0.84\webapps\manager]
07-May-2026 14:46:47.298 INFO [main] org.apache.catalina.startup.HostConfig.deployDirectory Deployment of web application directory [D:\SVAC MAIN 2\SmartGoalSystem\server\apache-tomcat-9.0.84\webapps\manager] has finished in [60] ms
07-May-2026 14:46:47.298 INFO [main] org.apache.catalina.startup.HostConfig.deployDirectory Deploying web application directory [D:\SVAC MAIN 2\SmartGoalSystem\server\apache-tomcat-9.0.84\webapps\ROOT]
07-May-2026 14:46:47.339 INFO [main] org.apache.catalina.startup.HostConfig.deployDirectory Deployment of web application directory [D:\SVAC MAIN 2\SmartGoalSystem\server\apache-tomcat-9.0.84\webapps\ROOT] has finished in [40] ms
07-May-2026 14:46:47.340 INFO [main] org.apache.catalina.startup.HostConfig.deployDirectory Deploying web application directory [D:\SVAC MAIN 2\SmartGoalSystem\server\apache-tomcat-9.0.84\webapps\SmartGoalSystem]
07-May-2026 14:46:48.351 INFO [main] org.apache.jasper.servlet.TldScanner.scanJars At least one JAR was scanned for TLDs yet contained no TLDs. Enable debug logging for this logger for a complete list of JARs that were scanned but no TLDs were found in them. Skipping unneeded JARs during scanning can improve startup time and JSP compilation time.
07-May-2026 14:46:48.367 INFO [main] org.apache.catalina.startup.HostConfig.deployDirectory Deployment of web application directory [D:\SVAC MAIN 2\SmartGoalSystem\server\apache-tomcat-9.0.84\webapps\SmartGoalSystem] has finished in [1,028] ms
07-May-2026 14:46:48.374 INFO [main] org.apache.coyote.AbstractProtocol.start Starting ProtocolHandler ["http-nio-8080"]
07-May-2026 14:46:48.417 INFO [main] org.apache.catalina.startup.Catalina.start Server startup in [2946] milliseconds
