10-May-2026 16:23:27.009 INFO [main] org.apache.catalina.startup.VersionLoggerListener.log Server version name:   Apache Tomcat/9.0.84
10-May-2026 16:23:27.017 INFO [main] org.apache.catalina.startup.VersionLoggerListener.log Server built:          Dec 7 2023 19:27:40 UTC
10-May-2026 16:23:27.021 INFO [main] org.apache.catalina.startup.VersionLoggerListener.log Server version number: 9.0.84.0
10-May-2026 16:23:27.022 INFO [main] org.apache.catalina.startup.VersionLoggerListener.log OS Name:               Windows 10
10-May-2026 16:23:27.025 INFO [main] org.apache.catalina.startup.VersionLoggerListener.log OS Version:            10.0
10-May-2026 16:23:27.026 INFO [main] org.apache.catalina.startup.VersionLoggerListener.log Architecture:          amd64
10-May-2026 16:23:27.028 INFO [main] org.apache.catalina.startup.VersionLoggerListener.log Java Home:             C:\Program Files\Java\jdk-24
10-May-2026 16:23:27.028 INFO [main] org.apache.catalina.startup.VersionLoggerListener.log JVM Version:           24.0.2+12-54
10-May-2026 16:23:27.029 INFO [main] org.apache.catalina.startup.VersionLoggerListener.log JVM Vendor:            Oracle Corporation
10-May-2026 16:23:27.029 INFO [main] org.apache.catalina.startup.VersionLoggerListener.log CATALINA_BASE:         D:\SVAC MAIN 2\SmartGoalSystem\server\apache-tomcat-9.0.84
10-May-2026 16:23:27.033 INFO [main] org.apache.catalina.startup.VersionLoggerListener.log CATALINA_HOME:         D:\SVAC MAIN 2\SmartGoalSystem\server\apache-tomcat-9.0.84
10-May-2026 16:23:27.050 INFO [main] org.apache.catalina.startup.VersionLoggerListener.log Command line argument: --add-opens=java.base/java.lang=ALL-UNNAMED
10-May-2026 16:23:27.052 INFO [main] org.apache.catalina.startup.VersionLoggerListener.log Command line argument: --add-opens=java.base/java.io=ALL-UNNAMED
10-May-2026 16:23:27.052 INFO [main] org.apache.catalina.startup.VersionLoggerListener.log Command line argument: --add-opens=java.base/java.util=ALL-UNNAMED
10-May-2026 16:23:27.053 INFO [main] org.apache.catalina.startup.VersionLoggerListener.log Command line argument: --add-opens=java.base/java.util.concurrent=ALL-UNNAMED
10-May-2026 16:23:27.054 INFO [main] org.apache.catalina.startup.VersionLoggerListener.log Command line argument: --add-opens=java.rmi/sun.rmi.transport=ALL-UNNAMED
10-May-2026 16:23:27.055 INFO [main] org.apache.catalina.startup.VersionLoggerListener.log Command line argument: -Djava.util.logging.config.file=D:\SVAC MAIN 2\SmartGoalSystem\server\apache-tomcat-9.0.84\conf\logging.properties
10-May-2026 16:23:27.056 INFO [main] org.apache.catalina.startup.VersionLoggerListener.log Command line argument: -Djava.util.logging.manager=org.apache.juli.ClassLoaderLogManager
10-May-2026 16:23:27.057 INFO [main] org.apache.catalina.startup.VersionLoggerListener.log Command line argument: -Djdk.tls.ephemeralDHKeySize=2048
10-May-2026 16:23:27.059 INFO [main] org.apache.catalina.startup.VersionLoggerListener.log Command line argument: -Djava.protocol.handler.pkgs=org.apache.catalina.webresources
10-May-2026 16:23:27.061 INFO [main] org.apache.catalina.startup.VersionLoggerListener.log Command line argument: -Dignore.endorsed.dirs=
10-May-2026 16:23:27.061 INFO [main] org.apache.catalina.startup.VersionLoggerListener.log Command line argument: -Dcatalina.base=D:\SVAC MAIN 2\SmartGoalSystem\server\apache-tomcat-9.0.84
10-May-2026 16:23:27.062 INFO [main] org.apache.catalina.startup.VersionLoggerListener.log Command line argument: -Dcatalina.home=d:\SVAC MAIN 2\SmartGoalSystem\server\apache-tomcat-9.0.84
10-May-2026 16:23:27.067 INFO [main] org.apache.catalina.startup.VersionLoggerListener.log Command line argument: -Djava.io.tmpdir=D:\SVAC MAIN 2\SmartGoalSystem\server\apache-tomcat-9.0.84\temp
10-May-2026 16:23:27.136 INFO [main] org.apache.catalina.core.AprLifecycleListener.lifecycleEvent Loaded Apache Tomcat Native library [1.2.39] using APR version [1.7.4].
10-May-2026 16:23:27.136 INFO [main] org.apache.catalina.core.AprLifecycleListener.lifecycleEvent APR capabilities: IPv6 [true], sendfile [true], accept filters [false], random [true], UDS [true].
10-May-2026 16:23:27.139 INFO [main] org.apache.catalina.core.AprLifecycleListener.lifecycleEvent APR/OpenSSL configuration: useAprConnector [false], useOpenSSL [true]
10-May-2026 16:23:27.159 INFO [main] org.apache.catalina.core.AprLifecycleListener.initializeSSL OpenSSL successfully initialized [OpenSSL 3.0.11 19 Sep 2023]
10-May-2026 16:23:28.107 INFO [main] org.apache.coyote.AbstractProtocol.init Initializing ProtocolHandler ["http-nio-8080"]
10-May-2026 16:23:28.163 INFO [main] org.apache.catalina.startup.Catalina.load Server initialization in [1643] milliseconds
10-May-2026 16:23:28.266 INFO [main] org.apache.catalina.core.StandardService.startInternal Starting service [Catalina]
10-May-2026 16:23:28.267 INFO [main] org.apache.catalina.core.StandardEngine.startInternal Starting Servlet engine: [Apache Tomcat/9.0.84]
10-May-2026 16:23:28.285 INFO [main] org.apache.catalina.startup.HostConfig.deployDirectory Deploying web application directory [D:\SVAC MAIN 2\SmartGoalSystem\server\apache-tomcat-9.0.84\webapps\docs]
10-May-2026 16:23:29.108 INFO [main] org.apache.catalina.startup.HostConfig.deployDirectory Deployment of web application directory [D:\SVAC MAIN 2\SmartGoalSystem\server\apache-tomcat-9.0.84\webapps\docs] has finished in [821] ms
10-May-2026 16:23:29.109 INFO [main] org.apache.catalina.startup.HostConfig.deployDirectory Deploying web application directory [D:\SVAC MAIN 2\SmartGoalSystem\server\apache-tomcat-9.0.84\webapps\examples]
10-May-2026 16:23:30.779 INFO [main] org.apache.catalina.startup.HostConfig.deployDirectory Deployment of web application directory [D:\SVAC MAIN 2\SmartGoalSystem\server\apache-tomcat-9.0.84\webapps\examples] has finished in [1,670] ms
10-May-2026 16:23:30.780 INFO [main] org.apache.catalina.startup.HostConfig.deployDirectory Deploying web application directory [D:\SVAC MAIN 2\SmartGoalSystem\server\apache-tomcat-9.0.84\webapps\host-manager]
10-May-2026 16:23:30.887 INFO [main] org.apache.catalina.startup.HostConfig.deployDirectory Deployment of web application directory [D:\SVAC MAIN 2\SmartGoalSystem\server\apache-tomcat-9.0.84\webapps\host-manager] has finished in [108] ms
10-May-2026 16:23:30.888 INFO [main] org.apache.catalina.startup.HostConfig.deployDirectory Deploying web application directory [D:\SVAC MAIN 2\SmartGoalSystem\server\apache-tomcat-9.0.84\webapps\manager]
10-May-2026 16:23:30.991 INFO [main] org.apache.catalina.startup.HostConfig.deployDirectory Deployment of web application directory [D:\SVAC MAIN 2\SmartGoalSystem\server\apache-tomcat-9.0.84\webapps\manager] has finished in [103] ms
10-May-2026 16:23:30.995 INFO [main] org.apache.catalina.startup.HostConfig.deployDirectory Deploying web application directory [D:\SVAC MAIN 2\SmartGoalSystem\server\apache-tomcat-9.0.84\webapps\ROOT]
10-May-2026 16:23:31.104 INFO [main] org.apache.catalina.startup.HostConfig.deployDirectory Deployment of web application directory [D:\SVAC MAIN 2\SmartGoalSystem\server\apache-tomcat-9.0.84\webapps\ROOT] has finished in [110] ms
10-May-2026 16:23:31.108 INFO [main] org.apache.catalina.startup.HostConfig.deployDirectory Deploying web application directory [D:\SVAC MAIN 2\SmartGoalSystem\server\apache-tomcat-9.0.84\webapps\SmartGoalSystem]
10-May-2026 16:23:32.721 INFO [main] org.apache.jasper.servlet.TldScanner.scanJars At least one JAR was scanned for TLDs yet contained no TLDs. Enable debug logging for this logger for a complete list of JARs that were scanned but no TLDs were found in them. Skipping unneeded JARs during scanning can improve startup time and JSP compilation time.
10-May-2026 16:23:32.761 INFO [main] org.apache.catalina.startup.HostConfig.deployDirectory Deployment of web application directory [D:\SVAC MAIN 2\SmartGoalSystem\server\apache-tomcat-9.0.84\webapps\SmartGoalSystem] has finished in [1,652] ms
10-May-2026 16:23:32.775 INFO [main] org.apache.coyote.AbstractProtocol.start Starting ProtocolHandler ["http-nio-8080"]
10-May-2026 16:23:32.949 INFO [main] org.apache.catalina.startup.Catalina.start Server startup in [4780] milliseconds
10-May-2026 16:24:26.113 INFO [main] org.apache.catalina.startup.VersionLoggerListener.log Server version name:   Apache Tomcat/9.0.84
10-May-2026 16:24:26.117 INFO [main] org.apache.catalina.startup.VersionLoggerListener.log Server built:          Dec 7 2023 19:27:40 UTC
10-May-2026 16:24:26.118 INFO [main] org.apache.catalina.startup.VersionLoggerListener.log Server version number: 9.0.84.0
10-May-2026 16:24:26.123 INFO [main] org.apache.catalina.startup.VersionLoggerListener.log OS Name:               Windows 10
10-May-2026 16:24:26.130 INFO [main] org.apache.catalina.startup.VersionLoggerListener.log OS Version:            10.0
10-May-2026 16:24:26.137 INFO [main] org.apache.catalina.startup.VersionLoggerListener.log Architecture:          amd64
10-May-2026 16:24:26.149 INFO [main] org.apache.catalina.startup.VersionLoggerListener.log Java Home:             C:\Program Files\Java\jdk-24
10-May-2026 16:24:26.158 INFO [main] org.apache.catalina.startup.VersionLoggerListener.log JVM Version:           24.0.2+12-54
10-May-2026 16:24:26.162 INFO [main] org.apache.catalina.startup.VersionLoggerListener.log JVM Vendor:            Oracle Corporation
10-May-2026 16:24:26.164 INFO [main] org.apache.catalina.startup.VersionLoggerListener.log CATALINA_BASE:         D:\SVAC MAIN 2\SmartGoalSystem\server\apache-tomcat-9.0.84
10-May-2026 16:24:26.165 INFO [main] org.apache.catalina.startup.VersionLoggerListener.log CATALINA_HOME:         D:\SVAC MAIN 2\SmartGoalSystem\server\apache-tomcat-9.0.84
10-May-2026 16:24:26.166 INFO [main] org.apache.catalina.startup.VersionLoggerListener.log Command line argument: --add-opens=java.base/java.lang=ALL-UNNAMED
10-May-2026 16:24:26.167 INFO [main] org.apache.catalina.startup.VersionLoggerListener.log Command line argument: --add-opens=java.base/java.io=ALL-UNNAMED
10-May-2026 16:24:26.168 INFO [main] org.apache.catalina.startup.VersionLoggerListener.log Command line argument: --add-opens=java.base/java.util=ALL-UNNAMED
10-May-2026 16:24:26.169 INFO [main] org.apache.catalina.startup.VersionLoggerListener.log Command line argument: --add-opens=java.base/java.util.concurrent=ALL-UNNAMED
10-May-2026 16:24:26.170 INFO [main] org.apache.catalina.startup.VersionLoggerListener.log Command line argument: --add-opens=java.rmi/sun.rmi.transport=ALL-UNNAMED
10-May-2026 16:24:26.174 INFO [main] org.apache.catalina.startup.VersionLoggerListener.log Command line argument: -Djava.util.logging.config.file=D:\SVAC MAIN 2\SmartGoalSystem\server\apache-tomcat-9.0.84\conf\logging.properties
10-May-2026 16:24:26.176 INFO [main] org.apache.catalina.startup.VersionLoggerListener.log Command line argument: -Djava.util.logging.manager=org.apache.juli.ClassLoaderLogManager
10-May-2026 16:24:26.180 INFO [main] org.apache.catalina.startup.VersionLoggerListener.log Command line argument: -Djdk.tls.ephemeralDHKeySize=2048
10-May-2026 16:24:26.182 INFO [main] org.apache.catalina.startup.VersionLoggerListener.log Command line argument: -Djava.protocol.handler.pkgs=org.apache.catalina.webresources
10-May-2026 16:24:26.183 INFO [main] org.apache.catalina.startup.VersionLoggerListener.log Command line argument: -Dignore.endorsed.dirs=
10-May-2026 16:24:26.184 INFO [main] org.apache.catalina.startup.VersionLoggerListener.log Command line argument: -Dcatalina.base=D:\SVAC MAIN 2\SmartGoalSystem\server\apache-tomcat-9.0.84
10-May-2026 16:24:26.188 INFO [main] org.apache.catalina.startup.VersionLoggerListener.log Command line argument: -Dcatalina.home=d:\SVAC MAIN 2\SmartGoalSystem\server\apache-tomcat-9.0.84
10-May-2026 16:24:26.190 INFO [main] org.apache.catalina.startup.VersionLoggerListener.log Command line argument: -Djava.io.tmpdir=D:\SVAC MAIN 2\SmartGoalSystem\server\apache-tomcat-9.0.84\temp
10-May-2026 16:24:26.210 INFO [main] org.apache.catalina.core.AprLifecycleListener.lifecycleEvent Loaded Apache Tomcat Native library [1.2.39] using APR version [1.7.4].
10-May-2026 16:24:26.210 INFO [main] org.apache.catalina.core.AprLifecycleListener.lifecycleEvent APR capabilities: IPv6 [true], sendfile [true], accept filters [false], random [true], UDS [true].
10-May-2026 16:24:26.212 INFO [main] org.apache.catalina.core.AprLifecycleListener.lifecycleEvent APR/OpenSSL configuration: useAprConnector [false], useOpenSSL [true]
10-May-2026 16:24:26.243 INFO [main] org.apache.catalina.core.AprLifecycleListener.initializeSSL OpenSSL successfully initialized [OpenSSL 3.0.11 19 Sep 2023]
10-May-2026 16:24:27.544 INFO [main] org.apache.coyote.AbstractProtocol.init Initializing ProtocolHandler ["http-nio-8080"]
10-May-2026 16:24:27.604 INFO [main] org.apache.catalina.startup.Catalina.load Server initialization in [2010] milliseconds
10-May-2026 16:24:27.733 INFO [main] org.apache.catalina.core.StandardService.startInternal Starting service [Catalina]
10-May-2026 16:24:27.734 INFO [main] org.apache.catalina.core.StandardEngine.startInternal Starting Servlet engine: [Apache Tomcat/9.0.84]
10-May-2026 16:24:27.759 INFO [main] org.apache.catalina.startup.HostConfig.deployDirectory Deploying web application directory [D:\SVAC MAIN 2\SmartGoalSystem\server\apache-tomcat-9.0.84\webapps\docs]
10-May-2026 16:24:29.384 WARNING [main] org.apache.catalina.util.SessionIdGeneratorBase.createSecureRandom Creation of SecureRandom instance for session ID generation using [SHA1PRNG] took [180] milliseconds.
10-May-2026 16:24:29.620 INFO [main] org.apache.catalina.startup.HostConfig.deployDirectory Deployment of web application directory [D:\SVAC MAIN 2\SmartGoalSystem\server\apache-tomcat-9.0.84\webapps\docs] has finished in [1,864] ms
10-May-2026 16:24:29.684 INFO [main] org.apache.catalina.startup.HostConfig.deployDirectory Deploying web application directory [D:\SVAC MAIN 2\SmartGoalSystem\server\apache-tomcat-9.0.84\webapps\examples]
10-May-2026 16:24:32.786 INFO [main] org.apache.catalina.startup.HostConfig.deployDirectory Deployment of web application directory [D:\SVAC MAIN 2\SmartGoalSystem\server\apache-tomcat-9.0.84\webapps\examples] has finished in [3,102] ms
10-May-2026 16:24:32.791 INFO [main] org.apache.catalina.startup.HostConfig.deployDirectory Deploying web application directory [D:\SVAC MAIN 2\SmartGoalSystem\server\apache-tomcat-9.0.84\webapps\host-manager]
10-May-2026 16:24:32.964 INFO [main] org.apache.catalina.startup.HostConfig.deployDirectory Deployment of web application directory [D:\SVAC MAIN 2\SmartGoalSystem\server\apache-tomcat-9.0.84\webapps\host-manager] has finished in [173] ms
10-May-2026 16:24:32.982 INFO [main] org.apache.catalina.startup.HostConfig.deployDirectory Deploying web application directory [D:\SVAC MAIN 2\SmartGoalSystem\server\apache-tomcat-9.0.84\webapps\manager]
10-May-2026 16:24:33.250 INFO [main] org.apache.catalina.startup.HostConfig.deployDirectory Deployment of web application directory [D:\SVAC MAIN 2\SmartGoalSystem\server\apache-tomcat-9.0.84\webapps\manager] has finished in [268] ms
10-May-2026 16:24:33.270 INFO [main] org.apache.catalina.startup.HostConfig.deployDirectory Deploying web application directory [D:\SVAC MAIN 2\SmartGoalSystem\server\apache-tomcat-9.0.84\webapps\ROOT]
10-May-2026 16:24:33.506 INFO [main] org.apache.catalina.startup.HostConfig.deployDirectory Deployment of web application directory [D:\SVAC MAIN 2\SmartGoalSystem\server\apache-tomcat-9.0.84\webapps\ROOT] has finished in [236] ms
10-May-2026 16:24:33.517 INFO [main] org.apache.catalina.startup.HostConfig.deployDirectory Deploying web application directory [D:\SVAC MAIN 2\SmartGoalSystem\server\apache-tomcat-9.0.84\webapps\SmartGoalSystem]
10-May-2026 16:24:36.541 INFO [main] org.apache.jasper.servlet.TldScanner.scanJars At least one JAR was scanned for TLDs yet contained no TLDs. Enable debug logging for this logger for a complete list of JARs that were scanned but no TLDs were found in them. Skipping unneeded JARs during scanning can improve startup time and JSP compilation time.
10-May-2026 16:24:36.756 INFO [main] org.apache.catalina.startup.HostConfig.deployDirectory Deployment of web application directory [D:\SVAC MAIN 2\SmartGoalSystem\server\apache-tomcat-9.0.84\webapps\SmartGoalSystem] has finished in [3,241] ms
10-May-2026 16:24:36.874 INFO [main] org.apache.coyote.AbstractProtocol.start Starting ProtocolHandler ["http-nio-8080"]
10-May-2026 16:24:37.223 INFO [main] org.apache.catalina.startup.Catalina.start Server startup in [9612] milliseconds
