02-May-2026 09:05:44.126 INFO [main] org.apache.catalina.core.ApplicationContext.log ContextListener: contextInitialized()
02-May-2026 09:05:44.128 INFO [main] org.apache.catalina.core.ApplicationContext.log SessionListener: contextInitialized()
02-May-2026 09:05:44.133 INFO [main] org.apache.catalina.core.ApplicationContext.log ContextListener: attributeAdded('StockTicker', 'async.Stockticker@659eef7')
02-May-2026 09:13:00.940 INFO [main] org.apache.catalina.core.ApplicationContext.log ContextListener: contextInitialized()
02-May-2026 09:13:00.940 INFO [main] org.apache.catalina.core.ApplicationContext.log SessionListener: contextInitialized()
02-May-2026 09:13:00.943 INFO [main] org.apache.catalina.core.ApplicationContext.log ContextListener: attributeAdded('StockTicker', 'async.Stockticker@2cac4385')
02-May-2026 09:13:02.289 INFO [main] org.apache.catalina.core.ApplicationContext.log SessionListener: contextDestroyed()
02-May-2026 09:13:02.289 INFO [main] org.apache.catalina.core.ApplicationContext.log ContextListener: contextDestroyed()
02-May-2026 12:18:20.402 INFO [main] org.apache.catalina.core.ApplicationContext.log ContextListener: contextInitialized()
02-May-2026 12:18:20.402 INFO [main] org.apache.catalina.core.ApplicationContext.log SessionListener: contextInitialized()
02-May-2026 12:18:20.406 INFO [main] org.apache.catalina.core.ApplicationContext.log ContextListener: attributeAdded('StockTicker', 'async.Stockticker@162be91c')
02-May-2026 12:38:58.718 INFO [main] org.apache.catalina.core.ApplicationContext.log ContextListener: contextInitialized()
02-May-2026 12:38:58.723 INFO [main] org.apache.catalina.core.ApplicationContext.log SessionListener: contextInitialized()
02-May-2026 12:38:58.735 INFO [main] org.apache.catalina.core.ApplicationContext.log ContextListener: attributeAdded('StockTicker', 'async.Stockticker@162be91c')
02-May-2026 12:41:24.894 INFO [main] org.apache.catalina.core.ApplicationContext.log ContextListener: contextInitialized()
02-May-2026 12:41:24.895 INFO [main] org.apache.catalina.core.ApplicationContext.log SessionListener: contextInitialized()
02-May-2026 12:41:24.897 INFO [main] org.apache.catalina.core.ApplicationContext.log ContextListener: attributeAdded('StockTicker', 'async.Stockticker@7c56e013')
02-May-2026 12:44:23.322 INFO [main] org.apache.catalina.core.ApplicationContext.log ContextListener: contextInitialized()
02-May-2026 12:44:23.323 INFO [main] org.apache.catalina.core.ApplicationContext.log SessionListener: contextInitialized()
02-May-2026 12:44:23.326 INFO [main] org.apache.catalina.core.ApplicationContext.log ContextListener: attributeAdded('StockTicker', 'async.Stockticker@34a97744')
02-May-2026 12:44:25.371 INFO [main] org.apache.catalina.core.ApplicationContext.log SessionListener: contextDestroyed()
02-May-2026 12:44:25.372 INFO [main] org.apache.catalina.core.ApplicationContext.log ContextListener: contextDestroyed()
02-May-2026 12:48:59.848 INFO [main] org.apache.catalina.core.ApplicationContext.log ContextListener: contextInitialized()
02-May-2026 12:48:59.848 INFO [main] org.apache.catalina.core.ApplicationContext.log SessionListener: contextInitialized()
02-May-2026 12:48:59.853 INFO [main] org.apache.catalina.core.ApplicationContext.log ContextListener: attributeAdded('StockTicker', 'async.Stockticker@4275c20c')
02-May-2026 12:49:01.384 INFO [main] org.apache.catalina.core.ApplicationContext.log SessionListener: contextDestroyed()
02-May-2026 12:49:01.385 INFO [main] org.apache.catalina.core.ApplicationContext.log ContextListener: contextDestroyed()
02-May-2026 12:51:18.301 INFO [main] org.apache.catalina.core.ApplicationContext.log ContextListener: contextInitialized()
02-May-2026 12:51:18.301 INFO [main] org.apache.catalina.core.ApplicationContext.log SessionListener: contextInitialized()
02-May-2026 12:51:18.309 INFO [main] org.apache.catalina.core.ApplicationContext.log ContextListener: attributeAdded('StockTicker', 'async.Stockticker@74e47444')
02-May-2026 13:53:47.993 INFO [main] org.apache.catalina.core.ApplicationContext.log ContextListener: contextInitialized()
02-May-2026 13:53:47.993 INFO [main] org.apache.catalina.core.ApplicationContext.log SessionListener: contextInitialized()
02-May-2026 13:53:47.997 INFO [main] org.apache.catalina.core.ApplicationContext.log ContextListener: attributeAdded('StockTicker', 'async.Stockticker@162be91c')
